C:\USERS\CDANDINA\DOCUMENTS\01GAMES\PROCEDURAL\PROJECT3\DEBUG\AIMANAGER.OBJ
C:\USERS\CDANDINA\DOCUMENTS\01GAMES\PROCEDURAL\PROJECT3\DEBUG\CAMERA.OBJ
C:\USERS\CDANDINA\DOCUMENTS\01GAMES\PROCEDURAL\PROJECT3\DEBUG\INPUTHANDLER.OBJ
C:\USERS\CDANDINA\DOCUMENTS\01GAMES\PROCEDURAL\PROJECT3\DEBUG\MAIN.OBJ
C:\USERS\CDANDINA\DOCUMENTS\01GAMES\PROCEDURAL\PROJECT3\DEBUG\MAINLISTENER.OBJ
C:\USERS\CDANDINA\DOCUMENTS\01GAMES\PROCEDURAL\PROJECT3\DEBUG\PROJECT3.OBJ
C:\USERS\CDANDINA\DOCUMENTS\01GAMES\PROCEDURAL\PROJECT3\DEBUG\WORLD.OBJ
C:\USERS\CDANDINA\DOCUMENTS\01GAMES\PROCEDURAL\PROJECT3\DEBUG\VC110.PDB
C:\USERS\CDANDINA\DOCUMENTS\01GAMES\PROCEDURAL\DEBUG\PROJECT3.ILK
C:\USERS\CDANDINA\DOCUMENTS\01GAMES\PROCEDURAL\DEBUG\PROJECT3.EXE
C:\USERS\CDANDINA\DOCUMENTS\01GAMES\PROCEDURAL\DEBUG\PROJECT3.PDB
C:\Users\cdandina\Documents\01GAMES\procedural\Project3\Debug\AIManager.obj
C:\Users\cdandina\Documents\01GAMES\procedural\Project3\Debug\Camera.obj
C:\Users\cdandina\Documents\01GAMES\procedural\Project3\Debug\InputHandler.obj
C:\Users\cdandina\Documents\01GAMES\procedural\Project3\Debug\main.obj
C:\Users\cdandina\Documents\01GAMES\procedural\Project3\Debug\MainListener.obj
C:\Users\cdandina\Documents\01GAMES\procedural\Project3\Debug\Project3.obj
C:\Users\cdandina\Documents\01GAMES\procedural\Project3\Debug\World.obj
C:\Users\cdandina\Documents\01GAMES\procedural\Project3\Debug\cl.command.1.tlog
C:\Users\cdandina\Documents\01GAMES\procedural\Project3\Debug\CL.read.1.tlog
C:\Users\cdandina\Documents\01GAMES\procedural\Project3\Debug\CL.write.1.tlog
C:\Users\cdandina\Documents\01GAMES\procedural\Project3\Debug\link-cvtres.read.1.tlog
C:\Users\cdandina\Documents\01GAMES\procedural\Project3\Debug\link-cvtres.write.1.tlog
C:\Users\cdandina\Documents\01GAMES\procedural\Project3\Debug\link-rc.read.1.tlog
C:\Users\cdandina\Documents\01GAMES\procedural\Project3\Debug\link-rc.write.1.tlog
C:\Users\cdandina\Documents\01GAMES\procedural\Project3\Debug\link.3264-cvtres.read.1.tlog
C:\Users\cdandina\Documents\01GAMES\procedural\Project3\Debug\link.3264-cvtres.write.1.tlog
C:\Users\cdandina\Documents\01GAMES\procedural\Project3\Debug\link.3264-rc.read.1.tlog
C:\Users\cdandina\Documents\01GAMES\procedural\Project3\Debug\link.3264-rc.write.1.tlog
C:\Users\cdandina\Documents\01GAMES\procedural\Project3\Debug\link.3264.read.1.tlog
C:\Users\cdandina\Documents\01GAMES\procedural\Project3\Debug\link.3264.write.1.tlog
C:\Users\cdandina\Documents\01GAMES\procedural\Project3\Debug\link.4732-cvtres.read.1.tlog
C:\Users\cdandina\Documents\01GAMES\procedural\Project3\Debug\link.4732-cvtres.write.1.tlog
C:\Users\cdandina\Documents\01GAMES\procedural\Project3\Debug\link.4732-rc.read.1.tlog
C:\Users\cdandina\Documents\01GAMES\procedural\Project3\Debug\link.4732-rc.write.1.tlog
C:\Users\cdandina\Documents\01GAMES\procedural\Project3\Debug\link.4732.read.1.tlog
C:\Users\cdandina\Documents\01GAMES\procedural\Project3\Debug\link.4732.write.1.tlog
C:\Users\cdandina\Documents\01GAMES\procedural\Project3\Debug\link.6124-cvtres.read.1.tlog
C:\Users\cdandina\Documents\01GAMES\procedural\Project3\Debug\link.6124-cvtres.write.1.tlog
C:\Users\cdandina\Documents\01GAMES\procedural\Project3\Debug\link.6124-rc.read.1.tlog
C:\Users\cdandina\Documents\01GAMES\procedural\Project3\Debug\link.6124-rc.write.1.tlog
C:\Users\cdandina\Documents\01GAMES\procedural\Project3\Debug\link.6124.read.1.tlog
C:\Users\cdandina\Documents\01GAMES\procedural\Project3\Debug\link.6124.write.1.tlog
C:\Users\cdandina\Documents\01GAMES\procedural\Project3\Debug\link.6308-cvtres.read.1.tlog
C:\Users\cdandina\Documents\01GAMES\procedural\Project3\Debug\link.6308-cvtres.write.1.tlog
C:\Users\cdandina\Documents\01GAMES\procedural\Project3\Debug\link.6308-rc.read.1.tlog
C:\Users\cdandina\Documents\01GAMES\procedural\Project3\Debug\link.6308-rc.write.1.tlog
C:\Users\cdandina\Documents\01GAMES\procedural\Project3\Debug\link.6308.read.1.tlog
C:\Users\cdandina\Documents\01GAMES\procedural\Project3\Debug\link.6308.write.1.tlog
C:\Users\cdandina\Documents\01GAMES\procedural\Project3\Debug\link.command.1.tlog
C:\Users\cdandina\Documents\01GAMES\procedural\Project3\Debug\link.read.1.tlog
C:\Users\cdandina\Documents\01GAMES\procedural\Project3\Debug\link.write.1.tlog
C:\Users\cdandina\Documents\01GAMES\procedural\Project3\Debug\vc110.idb
C:\Users\cdandina\Documents\01GAMES\procedural\Project3\Debug\vc110.pdb
C:\Users\cdandina\Documents\01GAMES\procedural\Debug\Project3.pdb
C:\Users\cdandina\Documents\01GAMES\procedural\Debug\Project3.exe
C:\Users\cdandina\Documents\01GAMES\procedural\Debug\Project3.ilk
