16:16:19: Creating resource group General
16:16:19: Creating resource group Internal
16:16:19: Creating resource group Autodetect
16:16:19: SceneManagerFactory for type 'DefaultSceneManager' registered.
16:16:19: Registering ResourceManager for type Material
16:16:19: Registering ResourceManager for type Mesh
16:16:19: Registering ResourceManager for type Skeleton
16:16:19: MovableObjectFactory for type 'ParticleSystem' registered.
16:16:19: ArchiveFactory for archive type FileSystem registered.
16:16:19: ArchiveFactory for archive type Zip registered.
16:16:19: ArchiveFactory for archive type EmbeddedZip registered.
16:16:19: DDS codec registering
16:16:19: FreeImage version: 3.15.3
16:16:19: This program uses FreeImage, a free, open source image library supporting all common bitmap formats. See http://freeimage.sourceforge.net for details
16:16:19: Supported formats: bmp,ico,jpg,jif,jpeg,jpe,jng,koa,iff,lbm,mng,pbm,pbm,pcd,pcx,pgm,pgm,png,ppm,ppm,ras,tga,targa,tif,tiff,wap,wbmp,wbm,psd,cut,xbm,xpm,gif,hdr,g3,sgi,exr,j2k,j2c,jp2,pfm,pct,pict,pic,3fr,arw,bay,bmq,cap,cine,cr2,crw,cs1,dc2,dcr,drf,dsc,dng,erf,fff,ia,iiq,k25,kc2,kdc,mdc,mef,mos,mrw,nef,nrw,orf,pef,ptx,pxn,qtk,raf,raw,rdc,rw2,rwl,rwz,sr2,srf,srw,sti
16:16:19: Registering ResourceManager for type HighLevelGpuProgram
16:16:19: Registering ResourceManager for type Compositor
16:16:19: MovableObjectFactory for type 'Entity' registered.
16:16:19: MovableObjectFactory for type 'Light' registered.
16:16:19: MovableObjectFactory for type 'BillboardSet' registered.
16:16:19: MovableObjectFactory for type 'ManualObject' registered.
16:16:19: MovableObjectFactory for type 'BillboardChain' registered.
16:16:19: MovableObjectFactory for type 'RibbonTrail' registered.
16:16:19: Loading library .\RenderSystem_Direct3D9_d
16:16:19: Installing plugin: D3D9 RenderSystem
16:16:19: D3D9 : Direct3D9 Rendering Subsystem created.
16:16:19: D3D9: Driver Detection Starts
16:16:19: D3D9: Driver Detection Ends
16:16:19: Plugin successfully installed
16:16:19: Loading library .\RenderSystem_GL_d
16:16:19: Installing plugin: GL RenderSystem
16:16:19: OpenGL Rendering Subsystem created.
16:16:19: Plugin successfully installed
16:16:19: Loading library .\Plugin_PCZSceneManager_d
16:16:19: Installing plugin: Portal Connected Zone Scene Manager
16:16:19: PCZone Factory Type 'ZoneType_Default' registered
16:16:19: Plugin successfully installed
16:16:19: Loading library .\Plugin_OctreeZone_d
16:16:19: Installing plugin: Octree Zone Factory
16:16:19: Plugin successfully installed
16:16:19: Loading library .\Plugin_OctreeSceneManager_d
16:16:19: Installing plugin: Octree Scene Manager
16:16:19: Plugin successfully installed
16:16:19: *-*-* OGRE Initialising
16:16:19: *-*-* Version 1.9.0 (Ghadamon)
16:16:19: Added resource location '../Project3/Content/' of type 'FileSystem' to resource group 'General'
16:16:19: Added resource location '../Project3/Content//Models/' of type 'FileSystem' to resource group 'General'
16:16:19: Added resource location '../Project3/Content//Materials/' of type 'FileSystem' to resource group 'General'
16:16:19: Added resource location '../Project3/Content/Overlays/' of type 'FileSystem' to resource group 'General'
16:16:19: D3D9 : RenderSystem Option: Allow DirectX9Ex = No
16:16:19: D3D9 : RenderSystem Option: Allow NVPerfHUD = No
16:16:19: D3D9 : RenderSystem Option: FSAA = 0
16:16:19: D3D9 : RenderSystem Option: Fixed Pipeline Enabled = Yes
16:16:19: D3D9 : RenderSystem Option: Floating-point mode = Fastest
16:16:19: D3D9 : RenderSystem Option: Full Screen = No
16:16:19: D3D9 : RenderSystem Option: Multi device memory hint = Use minimum system memory
16:16:19: D3D9 : RenderSystem Option: Rendering Device = Monitor-1-Intel(R) HD Graphics 4000
16:16:19: D3D9 : RenderSystem Option: Resource Creation Policy = Create on all devices
16:16:19: D3D9 : RenderSystem Option: Use Multihead = Auto
16:16:19: D3D9 : RenderSystem Option: VSync = No
16:16:19: D3D9 : RenderSystem Option: VSync Interval = 1
16:16:19: D3D9 : RenderSystem Option: Video Mode = 800 x 600 @ 32-bit colour
16:16:19: D3D9 : RenderSystem Option: sRGB Gamma Conversion = No
16:16:20: CPU Identifier & Features
16:16:20: -------------------------
16:16:20:  *   CPU ID: GenuineIntel: Intel(R) Core(TM) i7-3610QM CPU @ 2.30GHz
16:16:20:  *      SSE: yes
16:16:20:  *     SSE2: yes
16:16:20:  *     SSE3: yes
16:16:20:  *      MMX: yes
16:16:20:  *   MMXEXT: yes
16:16:20:  *    3DNOW: no
16:16:20:  * 3DNOWEXT: no
16:16:20:  *     CMOV: yes
16:16:20:  *      TSC: yes
16:16:20:  *      FPU: yes
16:16:20:  *      PRO: yes
16:16:20:  *       HT: no
16:16:20: -------------------------
16:16:20: D3D9 : Subsystem Initialising
16:16:20: Registering ResourceManager for type Texture
16:16:20: Registering ResourceManager for type GpuProgram
16:16:20: D3D9RenderSystem::_createRenderWindow "OGRE Render Window", 800x600 windowed  miscParams: FSAA=0 FSAAHint= colourDepth=32 gamma=false monitorIndex=0 useNVPerfHUD=false vsync=false vsyncInterval=1 
16:16:20: D3D9 : Created D3D9 Rendering Window 'OGRE Render Window' : 800x600, 32bpp
16:16:20: D3D9 : WARNING - disabling VSync in windowed mode can cause timing issues at lower frame rates, turn VSync on if you observe this problem.
16:16:20: D3D9: Vertex texture format supported - PF_L8
16:16:20: D3D9: Vertex texture format supported - PF_L16
16:16:20: D3D9: Vertex texture format supported - PF_A8
16:16:20: D3D9: Vertex texture format supported - PF_A4L4
16:16:20: D3D9: Vertex texture format supported - PF_BYTE_LA
16:16:20: D3D9: Vertex texture format supported - PF_R5G6B5
16:16:20: D3D9: Vertex texture format supported - PF_B5G6R5
16:16:20: D3D9: Vertex texture format supported - PF_A4R4G4B4
16:16:20: D3D9: Vertex texture format supported - PF_A1R5G5B5
16:16:20: D3D9: Vertex texture format supported - PF_A8R8G8B8
16:16:20: D3D9: Vertex texture format supported - PF_B8G8R8A8
16:16:20: D3D9: Vertex texture format supported - PF_A2R10G10B10
16:16:20: D3D9: Vertex texture format supported - PF_A2B10G10R10
16:16:20: D3D9: Vertex texture format supported - PF_DXT1
16:16:20: D3D9: Vertex texture format supported - PF_DXT2
16:16:20: D3D9: Vertex texture format supported - PF_DXT3
16:16:20: D3D9: Vertex texture format supported - PF_DXT4
16:16:20: D3D9: Vertex texture format supported - PF_DXT5
16:16:20: D3D9: Vertex texture format supported - PF_FLOAT16_RGB
16:16:20: D3D9: Vertex texture format supported - PF_FLOAT16_RGBA
16:16:20: D3D9: Vertex texture format supported - PF_FLOAT32_RGB
16:16:20: D3D9: Vertex texture format supported - PF_FLOAT32_RGBA
16:16:20: D3D9: Vertex texture format supported - PF_X8R8G8B8
16:16:20: D3D9: Vertex texture format supported - PF_R8G8B8A8
16:16:20: D3D9: Vertex texture format supported - PF_DEPTH
16:16:20: D3D9: Vertex texture format supported - PF_SHORT_RGBA
16:16:20: D3D9: Vertex texture format supported - PF_FLOAT16_R
16:16:20: D3D9: Vertex texture format supported - PF_FLOAT32_R
16:16:20: D3D9: Vertex texture format supported - PF_SHORT_GR
16:16:20: D3D9: Vertex texture format supported - PF_FLOAT16_GR
16:16:20: D3D9: Vertex texture format supported - PF_FLOAT32_GR
16:16:20: D3D9: Vertex texture format supported - PF_SHORT_RGB
16:16:20: D3D9: Vertex texture format supported - PF_PVRTC_RGB2
16:16:20: D3D9: Vertex texture format supported - PF_PVRTC_RGBA2
16:16:20: D3D9: Vertex texture format supported - PF_PVRTC_RGB4
16:16:20: D3D9: Vertex texture format supported - PF_PVRTC_RGBA4
16:16:20: D3D9: Vertex texture format supported - PF_PVRTC2_2BPP
16:16:20: D3D9: Vertex texture format supported - PF_PVRTC2_4BPP
16:16:20: D3D9: Vertex texture format supported - PF_R11G11B10_FLOAT
16:16:20: D3D9: Vertex texture format supported - PF_R8_UINT
16:16:20: D3D9: Vertex texture format supported - PF_R8G8_UINT
16:16:20: D3D9: Vertex texture format supported - PF_R8G8B8_UINT
16:16:20: D3D9: Vertex texture format supported - PF_R8G8B8A8_UINT
16:16:20: D3D9: Vertex texture format supported - PF_R16_UINT
16:16:20: D3D9: Vertex texture format supported - PF_R16G16_UINT
16:16:20: D3D9: Vertex texture format supported - PF_R16G16B16_UINT
16:16:20: D3D9: Vertex texture format supported - PF_R16G16B16A16_UINT
16:16:20: D3D9: Vertex texture format supported - PF_R32_UINT
16:16:20: D3D9: Vertex texture format supported - PF_R32G32_UINT
16:16:20: D3D9: Vertex texture format supported - PF_R32G32B32_UINT
16:16:20: D3D9: Vertex texture format supported - PF_R32G32B32A32_UINT
16:16:20: D3D9: Vertex texture format supported - PF_R8_SINT
16:16:20: D3D9: Vertex texture format supported - PF_R8G8_SINT
16:16:20: D3D9: Vertex texture format supported - PF_R8G8B8_SINT
16:16:20: D3D9: Vertex texture format supported - PF_R8G8B8A8_SINT
16:16:20: D3D9: Vertex texture format supported - PF_R16_SINT
16:16:20: D3D9: Vertex texture format supported - PF_R16G16_SINT
16:16:20: D3D9: Vertex texture format supported - PF_R16G16B16_SINT
16:16:20: D3D9: Vertex texture format supported - PF_R16G16B16A16_SINT
16:16:20: D3D9: Vertex texture format supported - PF_R32_SINT
16:16:20: D3D9: Vertex texture format supported - PF_R32G32_SINT
16:16:20: D3D9: Vertex texture format supported - PF_R32G32B32_SINT
16:16:20: D3D9: Vertex texture format supported - PF_R32G32B32A32_SINT
16:16:20: D3D9: Vertex texture format supported - PF_R9G9B9E5_SHAREDEXP
16:16:20: D3D9: Vertex texture format supported - PF_BC4_UNORM
16:16:20: D3D9: Vertex texture format supported - PF_BC4_SNORM
16:16:20: D3D9: Vertex texture format supported - PF_BC5_UNORM
16:16:20: D3D9: Vertex texture format supported - PF_BC5_SNORM
16:16:20: D3D9: Vertex texture format supported - PF_BC6H_UF16
16:16:20: D3D9: Vertex texture format supported - PF_BC6H_SF16
16:16:20: D3D9: Vertex texture format supported - PF_BC7_UNORM
16:16:20: D3D9: Vertex texture format supported - PF_BC7_UNORM_SRGB
16:16:20: D3D9: Vertex texture format supported - PF_R8
16:16:20: D3D9: Vertex texture format supported - PF_RG8
16:16:20: D3D9: Vertex texture format supported - PF_R8_SNORM
16:16:20: D3D9: Vertex texture format supported - PF_R8G8_SNORM
16:16:20: D3D9: Vertex texture format supported - PF_R8G8B8_SNORM
16:16:20: D3D9: Vertex texture format supported - PF_R8G8B8A8_SNORM
16:16:20: D3D9: Vertex texture format supported - PF_R16_SNORM
16:16:20: D3D9: Vertex texture format supported - PF_R16G16_SNORM
16:16:20: D3D9: Vertex texture format supported - PF_R16G16B16_SNORM
16:16:20: D3D9: Vertex texture format supported - PF_R16G16B16A16_SNORM
16:16:20: D3D9: Vertex texture format supported - PF_ETC1_RGB8
16:16:20: D3D9: Vertex texture format supported - PF_ETC2_RGB8
16:16:20: D3D9: Vertex texture format supported - PF_ETC2_RGBA8
16:16:20: D3D9: Vertex texture format supported - PF_ETC2_RGB8A1
16:16:20: D3D9: Vertex texture format supported - PF_ATC_RGB
16:16:20: D3D9: Vertex texture format supported - PF_ATC_RGBA_EXPLICIT_ALPHA
16:16:20: D3D9: Vertex texture format supported - PF_ATC_RGBA_INTERPOLATED_ALPHA
16:16:20: RenderSystem capabilities
16:16:20: -------------------------
16:16:20: RenderSystem Name: Direct3D9 Rendering Subsystem
16:16:20: GPU Vendor: intel
16:16:20: Device Name: Monitor-1-Intel(R) HD Graphics 4000
16:16:20: Driver Version: 10.18.13.6175
16:16:20:  * Fixed function pipeline: yes
16:16:20:  * Hardware generation of mipmaps: yes
16:16:20:  * Texture blending: yes
16:16:20:  * Anisotropic texture filtering: yes
16:16:20:  * Dot product texture operation: yes
16:16:20:  * Cube mapping: yes
16:16:20:  * Hardware stencil buffer: yes
16:16:20:    - Stencil depth: 8
16:16:20:    - Two sided stencil support: yes
16:16:20:    - Wrap stencil values: yes
16:16:20:  * Hardware vertex / index buffers: yes
16:16:20:  * Vertex programs: yes
16:16:20:  * Number of floating-point constants for vertex programs: 256
16:16:20:  * Number of integer constants for vertex programs: 16
16:16:20:  * Number of boolean constants for vertex programs: 16
16:16:20:  * Fragment programs: yes
16:16:20:  * Number of floating-point constants for fragment programs: 224
16:16:20:  * Number of integer constants for fragment programs: 16
16:16:20:  * Number of boolean constants for fragment programs: 16
16:16:20:  * Geometry programs: no
16:16:20:  * Number of floating-point constants for geometry programs: 0
16:16:20:  * Number of integer constants for geometry programs: 0
16:16:20:  * Number of boolean constants for geometry programs: 0
16:16:20:  * Tesselation Hull programs: no
16:16:20:  * Number of floating-point constants for tesselation hull programs: 0
16:16:20:  * Number of integer constants for tesselation hull programs: 0
16:16:20:  * Number of boolean constants for tesselation hull programs: 0
16:16:20:  * Tesselation Domain programs: no
16:16:20:  * Number of floating-point constants for tesselation domain programs: 0
16:16:20:  * Number of integer constants for tesselation domain programs: 0
16:16:20:  * Number of boolean constants for tesselation domain programs: 0
16:16:20:  * Compute programs: no
16:16:20:  * Number of floating-point constants for compute programs: 0
16:16:20:  * Number of integer constants for compute programs: 0
16:16:20:  * Number of boolean constants for compute programs: 0
16:16:20:  * Supported Shader Profiles: hlsl ps_1_1 ps_1_2 ps_1_3 ps_1_4 ps_2_0 ps_2_a ps_2_b ps_2_x ps_3_0 vs_1_1 vs_2_0 vs_2_a vs_2_x vs_3_0
16:16:20:  * Texture Compression: yes
16:16:20:    - DXT: yes
16:16:20:    - VTC: no
16:16:20:    - PVRTC: no
16:16:20:    - ATC: no
16:16:20:    - ETC1: no
16:16:20:    - ETC2: no
16:16:20:    - BC4/BC5: no
16:16:20:    - BC6H/BC7: no
16:16:20:  * Scissor Rectangle: yes
16:16:20:  * Hardware Occlusion Query: yes
16:16:20:  * User clip planes: yes
16:16:20:  * VET_UBYTE4 vertex element type: yes
16:16:20:  * Infinite far plane projection: yes
16:16:20:  * Hardware render-to-texture: yes
16:16:20:  * Floating point textures: yes
16:16:20:  * Non-power-of-two textures: yes
16:16:20:  * 1d textures: yes
16:16:20:  * Volume textures: yes
16:16:20:  * Multiple Render Targets: 4
16:16:20:    - With different bit depths: yes
16:16:20:  * Point Sprites: yes
16:16:20:  * Extended point parameters: yes
16:16:20:  * Max Point Size: 256
16:16:20:  * Vertex texture fetch: yes
16:16:20:  * Number of world matrices: 0
16:16:20:  * Number of texture units: 8
16:16:20:  * Stencil buffer depth: 8
16:16:20:  * Number of vertex blend matrices: 0
16:16:20:    - Max vertex textures: 4
16:16:20:    - Vertex textures shared: no
16:16:20:  * Render to Vertex Buffer : no
16:16:20:  * Hardware Atomic Counters: no
16:16:20:  * DirectX per stage constants: yes
16:16:20: ***************************************
16:16:20: *** D3D9 : Subsystem Initialised OK ***
16:16:20: ***************************************
16:16:20: DefaultWorkQueue('Root') initialising on thread 114ac.
16:16:20: DefaultWorkQueue('Root')::WorkerFunc - thread 11c8c starting.
16:16:20: DefaultWorkQueue('Root')::WorkerFunc - thread 11c64 starting.
16:16:20: DefaultWorkQueue('Root')::WorkerFunc - thread 11c6c starting.
16:16:20: DefaultWorkQueue('Root')::WorkerFunc - thread 11c7c starting.
16:16:20: DefaultWorkQueue('Root')::WorkerFunc - thread 11c68 starting.
16:16:20: DefaultWorkQueue('Root')::WorkerFunc - thread 11c70 starting.
16:16:20: DefaultWorkQueue('Root')::WorkerFunc - thread 11c78 starting.
16:16:20: DefaultWorkQueue('Root')::WorkerFunc - thread 11c80 starting.
16:16:20: Particle Renderer Type 'billboard' registered
16:16:20: SceneManagerFactory for type 'PCZSceneManager' registered.
16:16:20: MovableObjectFactory for type 'PCZLight' registered.
16:16:20: MovableObjectFactory for type 'Portal' registered.
16:16:20: MovableObjectFactory for type 'AntiPortal' registered.
16:16:20: PCZone Factory Type 'ZoneType_Octree' registered
16:16:20: SceneManagerFactory for type 'OctreeSceneManager' registered.
16:16:20: OverlayElementFactory for type Panel registered.
16:16:20: OverlayElementFactory for type BorderPanel registered.
16:16:20: OverlayElementFactory for type TextArea registered.
16:16:20: Registering ResourceManager for type Font
16:16:20: Parsing scripts for resource group Autodetect
16:16:20: Finished parsing scripts for resource group Autodetect
16:16:20: Creating resources for group Autodetect
16:16:20: All done
16:16:20: Parsing scripts for resource group General
16:16:20: Parsing script EastWall.material
16:16:20: Parsing script SouthWall.material
16:16:20: Parsing script Wall.material
16:16:20: Parsing script WestWall.material
16:16:20: Parsing script bluehigh.fontdef
16:16:20: Parsing script Example.overlay
16:16:20: Finished parsing scripts for resource group General
16:16:20: Creating resources for group General
16:16:20: All done
16:16:20: Parsing scripts for resource group Internal
16:16:20: Finished parsing scripts for resource group Internal
16:16:20: Creating resources for group Internal
16:16:20: All done
16:16:21: Font BlueHighwayBig using texture size 1024x1024
16:16:21: Info: Freetype returned null for character 127 in font BlueHighwayBig
16:16:21: Info: Freetype returned null for character 128 in font BlueHighwayBig
16:16:21: Info: Freetype returned null for character 129 in font BlueHighwayBig
16:16:21: Info: Freetype returned null for character 130 in font BlueHighwayBig
16:16:21: Info: Freetype returned null for character 131 in font BlueHighwayBig
16:16:21: Info: Freetype returned null for character 132 in font BlueHighwayBig
16:16:21: Info: Freetype returned null for character 133 in font BlueHighwayBig
16:16:21: Info: Freetype returned null for character 134 in font BlueHighwayBig
16:16:21: Info: Freetype returned null for character 135 in font BlueHighwayBig
16:16:21: Info: Freetype returned null for character 136 in font BlueHighwayBig
16:16:21: Info: Freetype returned null for character 137 in font BlueHighwayBig
16:16:21: Info: Freetype returned null for character 138 in font BlueHighwayBig
16:16:21: Info: Freetype returned null for character 139 in font BlueHighwayBig
16:16:21: Info: Freetype returned null for character 140 in font BlueHighwayBig
16:16:21: Info: Freetype returned null for character 141 in font BlueHighwayBig
16:16:21: Info: Freetype returned null for character 142 in font BlueHighwayBig
16:16:21: Info: Freetype returned null for character 143 in font BlueHighwayBig
16:16:21: Info: Freetype returned null for character 144 in font BlueHighwayBig
16:16:21: Info: Freetype returned null for character 145 in font BlueHighwayBig
16:16:21: Info: Freetype returned null for character 146 in font BlueHighwayBig
16:16:21: Info: Freetype returned null for character 147 in font BlueHighwayBig
16:16:21: Info: Freetype returned null for character 148 in font BlueHighwayBig
16:16:21: Info: Freetype returned null for character 149 in font BlueHighwayBig
16:16:21: Info: Freetype returned null for character 150 in font BlueHighwayBig
16:16:21: Info: Freetype returned null for character 151 in font BlueHighwayBig
16:16:21: Info: Freetype returned null for character 152 in font BlueHighwayBig
16:16:21: Info: Freetype returned null for character 153 in font BlueHighwayBig
16:16:21: Info: Freetype returned null for character 154 in font BlueHighwayBig
16:16:21: Info: Freetype returned null for character 155 in font BlueHighwayBig
16:16:21: Info: Freetype returned null for character 156 in font BlueHighwayBig
16:16:21: Info: Freetype returned null for character 157 in font BlueHighwayBig
16:16:21: Info: Freetype returned null for character 158 in font BlueHighwayBig
16:16:21: Info: Freetype returned null for character 159 in font BlueHighwayBig
16:16:21: Info: Freetype returned null for character 160 in font BlueHighwayBig
16:16:21: Texture: BlueHighwayBigTexture: Loading 1 faces(PF_BYTE_LA,1024x1024x1) with 0 generated mipmaps from Image. Internal format is PF_BYTE_LA,1024x1024x1.
16:16:21: Font BlueHighway8 using texture size 256x128
16:16:21: Info: Freetype returned null for character 96 in font BlueHighway8
16:16:21: Info: Freetype returned null for character 127 in font BlueHighway8
16:16:21: Info: Freetype returned null for character 128 in font BlueHighway8
16:16:21: Info: Freetype returned null for character 129 in font BlueHighway8
16:16:21: Info: Freetype returned null for character 130 in font BlueHighway8
16:16:21: Info: Freetype returned null for character 131 in font BlueHighway8
16:16:21: Info: Freetype returned null for character 132 in font BlueHighway8
16:16:21: Info: Freetype returned null for character 133 in font BlueHighway8
16:16:21: Info: Freetype returned null for character 134 in font BlueHighway8
16:16:21: Info: Freetype returned null for character 135 in font BlueHighway8
16:16:21: Info: Freetype returned null for character 136 in font BlueHighway8
16:16:21: Info: Freetype returned null for character 137 in font BlueHighway8
16:16:21: Info: Freetype returned null for character 138 in font BlueHighway8
16:16:21: Info: Freetype returned null for character 139 in font BlueHighway8
16:16:21: Info: Freetype returned null for character 140 in font BlueHighway8
16:16:21: Info: Freetype returned null for character 141 in font BlueHighway8
16:16:21: Info: Freetype returned null for character 142 in font BlueHighway8
16:16:21: Info: Freetype returned null for character 143 in font BlueHighway8
16:16:21: Info: Freetype returned null for character 144 in font BlueHighway8
16:16:21: Info: Freetype returned null for character 145 in font BlueHighway8
16:16:21: Info: Freetype returned null for character 146 in font BlueHighway8
16:16:21: Info: Freetype returned null for character 147 in font BlueHighway8
16:16:21: Info: Freetype returned null for character 148 in font BlueHighway8
16:16:21: Info: Freetype returned null for character 149 in font BlueHighway8
16:16:21: Info: Freetype returned null for character 150 in font BlueHighway8
16:16:21: Info: Freetype returned null for character 151 in font BlueHighway8
16:16:21: Info: Freetype returned null for character 152 in font BlueHighway8
16:16:21: Info: Freetype returned null for character 153 in font BlueHighway8
16:16:21: Info: Freetype returned null for character 154 in font BlueHighway8
16:16:21: Info: Freetype returned null for character 155 in font BlueHighway8
16:16:21: Info: Freetype returned null for character 156 in font BlueHighway8
16:16:21: Info: Freetype returned null for character 157 in font BlueHighway8
16:16:21: Info: Freetype returned null for character 158 in font BlueHighway8
16:16:21: Info: Freetype returned null for character 159 in font BlueHighway8
16:16:21: Info: Freetype returned null for character 160 in font BlueHighway8
16:16:21: Texture: BlueHighway8Texture: Loading 1 faces(PF_BYTE_LA,256x128x1) with 0 generated mipmaps from Image. Internal format is PF_BYTE_LA,256x128x1.
16:16:21: Mesh: Loading NorthWall.mesh.
16:16:21: WARNING: NorthWall.mesh is an older format ([MeshSerializer_v1.41]); you should upgrade it as soon as possible using the OgreMeshUpgrade tool.
16:16:21: Texture: NorthWallTexture.png: Loading 1 faces(PF_A8R8G8B8,1024x1024x1) Internal format is PF_A8R8G8B8,1024x1024x1.
16:16:21: Mesh: Loading EastWall.mesh.
16:16:21: WARNING: EastWall.mesh is an older format ([MeshSerializer_v1.41]); you should upgrade it as soon as possible using the OgreMeshUpgrade tool.
16:16:21: Texture: EastWallTexture.png: Loading 1 faces(PF_A8R8G8B8,1024x1024x1) Internal format is PF_A8R8G8B8,1024x1024x1.
16:16:21: Mesh: Loading SouthWall.mesh.
16:16:21: WARNING: SouthWall.mesh is an older format ([MeshSerializer_v1.41]); you should upgrade it as soon as possible using the OgreMeshUpgrade tool.
16:16:21: Texture: SouthWallTexture.png: Loading 1 faces(PF_A8R8G8B8,1024x1024x1) Internal format is PF_A8R8G8B8,1024x1024x1.
16:16:21: Mesh: Loading WestWall.mesh.
16:16:21: WARNING: WestWall.mesh is an older format ([MeshSerializer_v1.41]); you should upgrade it as soon as possible using the OgreMeshUpgrade tool.
16:16:21: Texture: WestWallTexture.png: Loading 1 faces(PF_A8R8G8B8,1024x1024x1) Internal format is PF_A8R8G8B8,1024x1024x1.
16:16:21: Mesh: Loading Tank.mesh.
16:16:21: WARNING: Tank.mesh is an older format ([MeshSerializer_v1.41]); you should upgrade it as soon as possible using the OgreMeshUpgrade tool.
16:16:21: Can't assign material Galvanized to SubEntity of Ogre/MO5 because this Material does not exist. Have you forgotten to define it in a .material script?
16:16:42: DefaultWorkQueue('Root') shutting down on thread 114ac.
16:16:42: DefaultWorkQueue('Root')::WorkerFunc - thread 11c70 stopped.
16:16:42: DefaultWorkQueue('Root')::WorkerFunc - thread 11c68 stopped.
16:16:42: DefaultWorkQueue('Root')::WorkerFunc - thread 11c78 stopped.
16:16:42: DefaultWorkQueue('Root')::WorkerFunc - thread 11c64 stopped.
16:16:42: DefaultWorkQueue('Root')::WorkerFunc - thread 11c6c stopped.
16:16:42: DefaultWorkQueue('Root')::WorkerFunc - thread 11c7c stopped.
16:16:42: DefaultWorkQueue('Root')::WorkerFunc - thread 11c8c stopped.
16:16:42: DefaultWorkQueue('Root')::WorkerFunc - thread 11c80 stopped.
16:16:42: PCZone Factory Type 'ZoneType_Octree' unregistered
16:16:42: *-*-* OGRE Shutdown
16:16:42: Unregistering ResourceManager for type Compositor
16:16:42: Unregistering ResourceManager for type Skeleton
16:16:42: Unregistering ResourceManager for type Mesh
16:16:42: Unregistering ResourceManager for type HighLevelGpuProgram
16:16:42: Uninstalling plugin: Octree Scene Manager
16:16:42: Plugin successfully uninstalled
16:16:42: Unloading library .\Plugin_OctreeSceneManager_d
16:16:42: Uninstalling plugin: Octree Zone Factory
16:16:42: Plugin successfully uninstalled
16:16:42: Unloading library .\Plugin_OctreeZone_d
16:16:42: Uninstalling plugin: Portal Connected Zone Scene Manager
16:16:42: Plugin successfully uninstalled
16:16:42: Unloading library .\Plugin_PCZSceneManager_d
16:16:42: Uninstalling plugin: GL RenderSystem
16:16:42: *** Stopping Win32GL Subsystem ***
16:16:42: Plugin successfully uninstalled
16:16:42: Unloading library .\RenderSystem_GL_d
16:16:42: Uninstalling plugin: D3D9 RenderSystem
16:16:42: D3D9 device: 0x[002C7000] destroy. Releasing D3D9 texture: BlueHighwayBigTexture
16:16:42: Released D3D9 texture: BlueHighwayBigTexture
16:16:42: D3D9 : Shutting down cleanly.
16:16:42: Unregistering ResourceManager for type Texture
16:16:42: Unregistering ResourceManager for type GpuProgram
16:16:42: D3D9 : Direct3D9 Rendering Subsystem destroyed.
16:16:42: Plugin successfully uninstalled
16:16:42: Unloading library .\RenderSystem_Direct3D9_d
16:16:42: Unregistering ResourceManager for type Material
